2016-11-28 18:34:39 <# com.qizaodian.Spider.<clinit>(Spider.java:28)> INFO  [0]:
---日志系统启动成功---
2016-11-28 18:34:39 <# org.springframework.context.support.AbstractApplicationContext.prepareRefresh(AbstractApplicationContext.java:510)> INFO  [97]:
Refreshing org.springframework.context.support.ClassPathXmlApplicationContext@511a7296: startup date [Mon Nov 28 18:34:39 CST 2016]; root of context hierarchy
2016-11-28 18:34:39 <# org.springframework.beans.factory.xml.XmlBeanDefinitionReader.loadBeanDefinitions(XmlBeanDefinitionReader.java:317)> INFO  [144]:
Loading XML bean definitions from class path resource [applicationContext.xml]
2016-11-28 18:34:39 <# org.springframework.context.support.AbstractApplicationContext.refresh(AbstractApplicationContext.java:487)> WARN  [319]:
Exception encountered during context initialization - cancelling refresh attempt
org.springframework.beans.factory.BeanCreationException: Error creating bean with name 'Users' defined in class path resource [applicationContext.xml]: Invocation of init method failed; nested exception is org.springframework.beans.factory.support.BeanDefinitionValidationException: Couldn't find an init method named 'init' on bean with name 'Users'
	at org.springframework.beans.factory.support.AbstractAutowireCapableBeanFactory.initializeBean(AbstractAutowireCapableBeanFactory.java:1574)
	at org.springframework.beans.factory.support.AbstractAutowireCapableBeanFactory.doCreateBean(AbstractAutowireCapableBeanFactory.java:539)
	at org.springframework.beans.factory.support.AbstractAutowireCapableBeanFactory.createBean(AbstractAutowireCapableBeanFactory.java:476)
	at org.springframework.beans.factory.support.AbstractBeanFactory$1.getObject(AbstractBeanFactory.java:303)
	at org.springframework.beans.factory.support.DefaultSingletonBeanRegistry.getSingleton(DefaultSingletonBeanRegistry.java:230)
	at org.springframework.beans.factory.support.AbstractBeanFactory.doGetBean(AbstractBeanFactory.java:299)
	at org.springframework.beans.factory.support.AbstractBeanFactory.getBean(AbstractBeanFactory.java:194)
	at org.springframework.beans.factory.support.DefaultListableBeanFactory.preInstantiateSingletons(DefaultListableBeanFactory.java:755)
	at org.springframework.context.support.AbstractApplicationContext.finishBeanFactoryInitialization(AbstractApplicationContext.java:757)
	at org.springframework.context.support.AbstractApplicationContext.refresh(AbstractApplicationContext.java:480)
	at org.springframework.context.support.ClassPathXmlApplicationContext.<init>(ClassPathXmlApplicationContext.java:139)
	at org.springframework.context.support.ClassPathXmlApplicationContext.<init>(ClassPathXmlApplicationContext.java:93)
	at com.qizaodian.Spider.main(Spider.java:36)
Caused by: org.springframework.beans.factory.support.BeanDefinitionValidationException: Couldn't find an init method named 'init' on bean with name 'Users'
	at org.springframework.beans.factory.support.AbstractAutowireCapableBeanFactory.invokeCustomInitMethod(AbstractAutowireCapableBeanFactory.java:1660)
	at org.springframework.beans.factory.support.AbstractAutowireCapableBeanFactory.invokeInitMethods(AbstractAutowireCapableBeanFactory.java:1641)
	at org.springframework.beans.factory.support.AbstractAutowireCapableBeanFactory.initializeBean(AbstractAutowireCapableBeanFactory.java:1570)
	... 12 more
